============================= test session starts =============================
platform win32 -- Python 3.11.9, pytest-9.0.1, pluggy-1.6.0
rootdir: E:\omniai-studio-universe\hub-backend
plugins: anyio-4.11.0, asyncio-1.3.0
asyncio: mode=Mode.STRICT, debug=False, asyncio_default_fixture_loop_scope=None, asyncio_default_test_loop_scope=function
collected 1 item

app\tests\load\test_autodirector_load.py .                               [100%]

============================== warnings summary ===============================
app\config.py:3
  E:\omniai-studio-universe\hub-backend\app\config.py:3: PydanticDeprecatedSince20: Support for class-based `config` is deprecated, use ConfigDict instead. Deprecated in Pydantic V2.0 to be removed in V3.0. See Pydantic V2 Migration Guide at https://errors.pydantic.dev/2.12/migration/
    class Settings(BaseSettings):

app\modules\director\schemas.py:14
  E:\omniai-studio-universe\hub-backend\app\modules\director\schemas.py:14: PydanticDeprecatedSince20: Support for class-based `config` is deprecated, use ConfigDict instead. Deprecated in Pydantic V2.0 to be removed in V3.0. See Pydantic V2 Migration Guide at https://errors.pydantic.dev/2.12/migration/
    class DirectorProjectResponse(DirectorProjectBase):

app\modules\director\schemas.py:33
  E:\omniai-studio-universe\hub-backend\app\modules\director\schemas.py:33: PydanticDeprecatedSince20: Support for class-based `config` is deprecated, use ConfigDict instead. Deprecated in Pydantic V2.0 to be removed in V3.0. See Pydantic V2 Migration Guide at https://errors.pydantic.dev/2.12/migration/
    class DirectorStoryResponse(DirectorStoryBase):

app\modules\director\schemas.py:53
  E:\omniai-studio-universe\hub-backend\app\modules\director\schemas.py:53: PydanticDeprecatedSince20: Support for class-based `config` is deprecated, use ConfigDict instead. Deprecated in Pydantic V2.0 to be removed in V3.0. See Pydantic V2 Migration Guide at https://errors.pydantic.dev/2.12/migration/
    class CharacterResponse(CharacterBase):

app\modules\director\schemas.py:71
  E:\omniai-studio-universe\hub-backend\app\modules\director\schemas.py:71: PydanticDeprecatedSince20: Support for class-based `config` is deprecated, use ConfigDict instead. Deprecated in Pydantic V2.0 to be removed in V3.0. See Pydantic V2 Migration Guide at https://errors.pydantic.dev/2.12/migration/
    class SceneResponse(SceneBase):

app\modules\director\schemas.py:89
  E:\omniai-studio-universe\hub-backend\app\modules\director\schemas.py:89: PydanticDeprecatedSince20: Support for class-based `config` is deprecated, use ConfigDict instead. Deprecated in Pydantic V2.0 to be removed in V3.0. See Pydantic V2 Migration Guide at https://errors.pydantic.dev/2.12/migration/
    class ShotResponse(ShotBase):

app\modules\director\schemas.py:112
  E:\omniai-studio-universe\hub-backend\app\modules\director\schemas.py:112: PydanticDeprecatedSince20: Support for class-based `config` is deprecated, use ConfigDict instead. Deprecated in Pydantic V2.0 to be removed in V3.0. See Pydantic V2 Migration Guide at https://errors.pydantic.dev/2.12/migration/
    class AssetResponse(AssetBase):

app\modules\projects\schema.py:16
  E:\omniai-studio-universe\hub-backend\app\modules\projects\schema.py:16: PydanticDeprecatedSince20: Support for class-based `config` is deprecated, use ConfigDict instead. Deprecated in Pydantic V2.0 to be removed in V3.0. See Pydantic V2 Migration Guide at https://errors.pydantic.dev/2.12/migration/
    class ProjectResponse(BaseModel):

app\modules\project_files\schema.py:17
  E:\omniai-studio-universe\hub-backend\app\modules\project_files\schema.py:17: PydanticDeprecatedSince20: Support for class-based `config` is deprecated, use ConfigDict instead. Deprecated in Pydantic V2.0 to be removed in V3.0. See Pydantic V2 Migration Guide at https://errors.pydantic.dev/2.12/migration/
    class FileResponse(BaseModel):

app\modules\project_files\schema.py:30
  E:\omniai-studio-universe\hub-backend\app\modules\project_files\schema.py:30: PydanticDeprecatedSince20: Support for class-based `config` is deprecated, use ConfigDict instead. Deprecated in Pydantic V2.0 to be removed in V3.0. See Pydantic V2 Migration Guide at https://errors.pydantic.dev/2.12/migration/
    class FileTreeItem(BaseModel):

-- Docs: https://docs.pytest.org/en/stable/how-to/capture-warnings.html
======================= 1 passed, 10 warnings in 9.37s ========================
============================= test session starts =============================
platform win32 -- Python 3.11.9, pytest-9.0.1, pluggy-1.6.0
rootdir: E:\omniai-studio-universe\hub-backend
plugins: anyio-4.11.0, asyncio-1.3.0
asyncio: mode=Mode.STRICT, debug=False, asyncio_default_fixture_loop_scope=None, asyncio_default_test_loop_scope=function
collected 1 item

app\tests\load\test_ffmpeg_stress.py .                                   [100%]

============================== 1 passed in 0.41s ==============================
============================= test session starts =============================
platform win32 -- Python 3.11.9, pytest-9.0.1, pluggy-1.6.0
rootdir: E:\omniai-studio-universe\hub-backend
plugins: anyio-4.11.0, asyncio-1.3.0
asyncio: mode=Mode.STRICT, debug=False, asyncio_default_fixture_loop_scope=None, asyncio_default_test_loop_scope=function
collected 1 item

app\tests\load\test_r2_upload_stress.py .                                [100%]

============================== warnings summary ===============================
app\config.py:3
  E:\omniai-studio-universe\hub-backend\app\config.py:3: PydanticDeprecatedSince20: Support for class-based `config` is deprecated, use ConfigDict instead. Deprecated in Pydantic V2.0 to be removed in V3.0. See Pydantic V2 Migration Guide at https://errors.pydantic.dev/2.12/migration/
    class Settings(BaseSettings):

-- Docs: https://docs.pytest.org/en/stable/how-to/capture-warnings.html
======================== 1 passed, 1 warning in 0.46s =========================
============================= test session starts =============================
platform win32 -- Python 3.11.9, pytest-9.0.1, pluggy-1.6.0
rootdir: E:\omniai-studio-universe\hub-backend
plugins: anyio-4.11.0, asyncio-1.3.0
asyncio: mode=Mode.STRICT, debug=False, asyncio_default_fixture_loop_scope=None, asyncio_default_test_loop_scope=function
collected 1 item

app\tests\load\test_timeline_batch.py F                                  [100%]

================================== FAILURES ===================================
_____________________________ test_timeline_batch _____________________________

    @pytest.mark.asyncio
    async def test_timeline_batch():
        print("\n--- STARTING TIMELINE BATCH TEST (30 Concurrent) ---")
    
        # Mock ffmpeg and R2
        with patch("app.modules.director.ffmpeg_worker.compile_timeline", new_callable=AsyncMock) as mock_ffmpeg, \
             patch("app.modules.director.timeline_service.upload_public") as mock_upload, \
             patch("builtins.open", mock_open(read_data=b"dummy video data")):
    
            mock_ffmpeg.return_value = {"status": "success", "output_path": "out.mp4", "temp_dir": "/tmp/mock_dir"}
            mock_upload.return_value = {"url": "http://mock/video.mp4", "key": "video.mp4"}
    
            async def run_timeline_build(i):
                # Create a dummy request
                request = schemas.TimelineRequest(
                    project_id=f"123e4567-e89b-12d3-a456-4266141740{i:02d}", # Valid UUID-like
                    episode_title=f"Timeline Test {i}",
                    layers=[],
                    scene_order=[]
                )
    
                # We need a mock DB session
                mock_db = MagicMock()
    
                # Mock db.refresh to set an ID
                def mock_refresh(obj):
                    obj.id = uuid.uuid4()
                mock_db.refresh.side_effect = mock_refresh
    
                try:
                    # We are testing the service logic orchestration
                    result = await timeline_service.compile_episode(mock_db, request)
                    return result.episode_url is not None
                except Exception as e:
                    print(f"Timeline {i} failed: {e}")
                    return False
    
            tasks = [run_timeline_build(i) for i in range(30)]
            results = await asyncio.gather(*tasks)
    
            success_count = sum(results)
            print(f"Success: {success_count}/30")
>           assert success_count == 30
E           assert 0 == 30

app\tests\load\test_timeline_batch.py:55: AssertionError
---------------------------- Captured stdout call -----------------------------

--- STARTING TIMELINE BATCH TEST (30 Concurrent) ---
2025-11-30 14:23:53,000 - omnistudio - INFO - Compiling episode 'Timeline Test 0' for project 123e4567-e89b-12d3-a456-426614174000
Timeline 0 failed: 'TimelineResponse' object has no attribute 'episode_url'
2025-11-30 14:23:53,013 - omnistudio - INFO - Compiling episode 'Timeline Test 1' for project 123e4567-e89b-12d3-a456-426614174001
Timeline 1 failed: 'TimelineResponse' object has no attribute 'episode_url'
2025-11-30 14:23:53,015 - omnistudio - INFO - Compiling episode 'Timeline Test 2' for project 123e4567-e89b-12d3-a456-426614174002
Timeline 2 failed: 'TimelineResponse' object has no attribute 'episode_url'
2025-11-30 14:23:53,017 - omnistudio - INFO - Compiling episode 'Timeline Test 3' for project 123e4567-e89b-12d3-a456-426614174003
Timeline 3 failed: 'TimelineResponse' object has no attribute 'episode_url'
2025-11-30 14:23:53,018 - omnistudio - INFO - Compiling episode 'Timeline Test 4' for project 123e4567-e89b-12d3-a456-426614174004
Timeline 4 failed: 'TimelineResponse' object has no attribute 'episode_url'
2025-11-30 14:23:53,019 - omnistudio - INFO - Compiling episode 'Timeline Test 5' for project 123e4567-e89b-12d3-a456-426614174005
Timeline 5 failed: 'TimelineResponse' object has no attribute 'episode_url'
2025-11-30 14:23:53,020 - omnistudio - INFO - Compiling episode 'Timeline Test 6' for project 123e4567-e89b-12d3-a456-426614174006
Timeline 6 failed: 'TimelineResponse' object has no attribute 'episode_url'
2025-11-30 14:23:53,021 - omnistudio - INFO - Compiling episode 'Timeline Test 7' for project 123e4567-e89b-12d3-a456-426614174007
Timeline 7 failed: 'TimelineResponse' object has no attribute 'episode_url'
2025-11-30 14:23:53,022 - omnistudio - INFO - Compiling episode 'Timeline Test 8' for project 123e4567-e89b-12d3-a456-426614174008
Timeline 8 failed: 'TimelineResponse' object has no attribute 'episode_url'
2025-11-30 14:23:53,023 - omnistudio - INFO - Compiling episode 'Timeline Test 9' for project 123e4567-e89b-12d3-a456-426614174009
Timeline 9 failed: 'TimelineResponse' object has no attribute 'episode_url'
2025-11-30 14:23:53,024 - omnistudio - INFO - Compiling episode 'Timeline Test 10' for project 123e4567-e89b-12d3-a456-426614174010
Timeline 10 failed: 'TimelineResponse' object has no attribute 'episode_url'
2025-11-30 14:23:53,026 - omnistudio - INFO - Compiling episode 'Timeline Test 11' for project 123e4567-e89b-12d3-a456-426614174011
Timeline 11 failed: 'TimelineResponse' object has no attribute 'episode_url'
2025-11-30 14:23:53,026 - omnistudio - INFO - Compiling episode 'Timeline Test 12' for project 123e4567-e89b-12d3-a456-426614174012
Timeline 12 failed: 'TimelineResponse' object has no attribute 'episode_url'
2025-11-30 14:23:53,027 - omnistudio - INFO - Compiling episode 'Timeline Test 13' for project 123e4567-e89b-12d3-a456-426614174013
Timeline 13 failed: 'TimelineResponse' object has no attribute 'episode_url'
2025-11-30 14:23:53,028 - omnistudio - INFO - Compiling episode 'Timeline Test 14' for project 123e4567-e89b-12d3-a456-426614174014
Timeline 14 failed: 'TimelineResponse' object has no attribute 'episode_url'
2025-11-30 14:23:53,030 - omnistudio - INFO - Compiling episode 'Timeline Test 15' for project 123e4567-e89b-12d3-a456-426614174015
Timeline 15 failed: 'TimelineResponse' object has no attribute 'episode_url'
2025-11-30 14:23:53,030 - omnistudio - INFO - Compiling episode 'Timeline Test 16' for project 123e4567-e89b-12d3-a456-426614174016
Timeline 16 failed: 'TimelineResponse' object has no attribute 'episode_url'
2025-11-30 14:23:53,032 - omnistudio - INFO - Compiling episode 'Timeline Test 17' for project 123e4567-e89b-12d3-a456-426614174017
Timeline 17 failed: 'TimelineResponse' object has no attribute 'episode_url'
2025-11-30 14:23:53,033 - omnistudio - INFO - Compiling episode 'Timeline Test 18' for project 123e4567-e89b-12d3-a456-426614174018
Timeline 18 failed: 'TimelineResponse' object has no attribute 'episode_url'
2025-11-30 14:23:53,035 - omnistudio - INFO - Compiling episode 'Timeline Test 19' for project 123e4567-e89b-12d3-a456-426614174019
Timeline 19 failed: 'TimelineResponse' object has no attribute 'episode_url'
2025-11-30 14:23:53,037 - omnistudio - INFO - Compiling episode 'Timeline Test 20' for project 123e4567-e89b-12d3-a456-426614174020
Timeline 20 failed: 'TimelineResponse' object has no attribute 'episode_url'
2025-11-30 14:23:53,038 - omnistudio - INFO - Compiling episode 'Timeline Test 21' for project 123e4567-e89b-12d3-a456-426614174021
Timeline 21 failed: 'TimelineResponse' object has no attribute 'episode_url'
2025-11-30 14:23:53,040 - omnistudio - INFO - Compiling episode 'Timeline Test 22' for project 123e4567-e89b-12d3-a456-426614174022
Timeline 22 failed: 'TimelineResponse' object has no attribute 'episode_url'
2025-11-30 14:23:53,041 - omnistudio - INFO - Compiling episode 'Timeline Test 23' for project 123e4567-e89b-12d3-a456-426614174023
Timeline 23 failed: 'TimelineResponse' object has no attribute 'episode_url'
2025-11-30 14:23:53,042 - omnistudio - INFO - Compiling episode 'Timeline Test 24' for project 123e4567-e89b-12d3-a456-426614174024
Timeline 24 failed: 'TimelineResponse' object has no attribute 'episode_url'
2025-11-30 14:23:53,044 - omnistudio - INFO - Compiling episode 'Timeline Test 25' for project 123e4567-e89b-12d3-a456-426614174025
Timeline 25 failed: 'TimelineResponse' object has no attribute 'episode_url'
2025-11-30 14:23:53,044 - omnistudio - INFO - Compiling episode 'Timeline Test 26' for project 123e4567-e89b-12d3-a456-426614174026
Timeline 26 failed: 'TimelineResponse' object has no attribute 'episode_url'
2025-11-30 14:23:53,046 - omnistudio - INFO - Compiling episode 'Timeline Test 27' for project 123e4567-e89b-12d3-a456-426614174027
Timeline 27 failed: 'TimelineResponse' object has no attribute 'episode_url'
2025-11-30 14:23:53,047 - omnistudio - INFO - Compiling episode 'Timeline Test 28' for project 123e4567-e89b-12d3-a456-426614174028
Timeline 28 failed: 'TimelineResponse' object has no attribute 'episode_url'
2025-11-30 14:23:53,049 - omnistudio - INFO - Compiling episode 'Timeline Test 29' for project 123e4567-e89b-12d3-a456-426614174029
Timeline 29 failed: 'TimelineResponse' object has no attribute 'episode_url'
Success: 0/30
------------------------------ Captured log call ------------------------------
INFO     omnistudio:timeline_service.py:9 Compiling episode 'Timeline Test 0' for project 123e4567-e89b-12d3-a456-426614174000
INFO     omnistudio:timeline_service.py:9 Compiling episode 'Timeline Test 1' for project 123e4567-e89b-12d3-a456-426614174001
INFO     omnistudio:timeline_service.py:9 Compiling episode 'Timeline Test 2' for project 123e4567-e89b-12d3-a456-426614174002
INFO     omnistudio:timeline_service.py:9 Compiling episode 'Timeline Test 3' for project 123e4567-e89b-12d3-a456-426614174003
INFO     omnistudio:timeline_service.py:9 Compiling episode 'Timeline Test 4' for project 123e4567-e89b-12d3-a456-426614174004
INFO     omnistudio:timeline_service.py:9 Compiling episode 'Timeline Test 5' for project 123e4567-e89b-12d3-a456-426614174005
INFO     omnistudio:timeline_service.py:9 Compiling episode 'Timeline Test 6' for project 123e4567-e89b-12d3-a456-426614174006
INFO     omnistudio:timeline_service.py:9 Compiling episode 'Timeline Test 7' for project 123e4567-e89b-12d3-a456-426614174007
INFO     omnistudio:timeline_service.py:9 Compiling episode 'Timeline Test 8' for project 123e4567-e89b-12d3-a456-426614174008
INFO     omnistudio:timeline_service.py:9 Compiling episode 'Timeline Test 9' for project 123e4567-e89b-12d3-a456-426614174009
INFO     omnistudio:timeline_service.py:9 Compiling episode 'Timeline Test 10' for project 123e4567-e89b-12d3-a456-426614174010
INFO     omnistudio:timeline_service.py:9 Compiling episode 'Timeline Test 11' for project 123e4567-e89b-12d3-a456-426614174011
INFO     omnistudio:timeline_service.py:9 Compiling episode 'Timeline Test 12' for project 123e4567-e89b-12d3-a456-426614174012
INFO     omnistudio:timeline_service.py:9 Compiling episode 'Timeline Test 13' for project 123e4567-e89b-12d3-a456-426614174013
INFO     omnistudio:timeline_service.py:9 Compiling episode 'Timeline Test 14' for project 123e4567-e89b-12d3-a456-426614174014
INFO     omnistudio:timeline_service.py:9 Compiling episode 'Timeline Test 15' for project 123e4567-e89b-12d3-a456-426614174015
INFO     omnistudio:timeline_service.py:9 Compiling episode 'Timeline Test 16' for project 123e4567-e89b-12d3-a456-426614174016
INFO     omnistudio:timeline_service.py:9 Compiling episode 'Timeline Test 17' for project 123e4567-e89b-12d3-a456-426614174017
INFO     omnistudio:timeline_service.py:9 Compiling episode 'Timeline Test 18' for project 123e4567-e89b-12d3-a456-426614174018
INFO     omnistudio:timeline_service.py:9 Compiling episode 'Timeline Test 19' for project 123e4567-e89b-12d3-a456-426614174019
INFO     omnistudio:timeline_service.py:9 Compiling episode 'Timeline Test 20' for project 123e4567-e89b-12d3-a456-426614174020
INFO     omnistudio:timeline_service.py:9 Compiling episode 'Timeline Test 21' for project 123e4567-e89b-12d3-a456-426614174021
INFO     omnistudio:timeline_service.py:9 Compiling episode 'Timeline Test 22' for project 123e4567-e89b-12d3-a456-426614174022
INFO     omnistudio:timeline_service.py:9 Compiling episode 'Timeline Test 23' for project 123e4567-e89b-12d3-a456-426614174023
INFO     omnistudio:timeline_service.py:9 Compiling episode 'Timeline Test 24' for project 123e4567-e89b-12d3-a456-426614174024
INFO     omnistudio:timeline_service.py:9 Compiling episode 'Timeline Test 25' for project 123e4567-e89b-12d3-a456-426614174025
INFO     omnistudio:timeline_service.py:9 Compiling episode 'Timeline Test 26' for project 123e4567-e89b-12d3-a456-426614174026
INFO     omnistudio:timeline_service.py:9 Compiling episode 'Timeline Test 27' for project 123e4567-e89b-12d3-a456-426614174027
INFO     omnistudio:timeline_service.py:9 Compiling episode 'Timeline Test 28' for project 123e4567-e89b-12d3-a456-426614174028
INFO     omnistudio:timeline_service.py:9 Compiling episode 'Timeline Test 29' for project 123e4567-e89b-12d3-a456-426614174029
============================== warnings summary ===============================
app\config.py:3
  E:\omniai-studio-universe\hub-backend\app\config.py:3: PydanticDeprecatedSince20: Support for class-based `config` is deprecated, use ConfigDict instead. Deprecated in Pydantic V2.0 to be removed in V3.0. See Pydantic V2 Migration Guide at https://errors.pydantic.dev/2.12/migration/
    class Settings(BaseSettings):

app\modules\director\schemas.py:14
  E:\omniai-studio-universe\hub-backend\app\modules\director\schemas.py:14: PydanticDeprecatedSince20: Support for class-based `config` is deprecated, use ConfigDict instead. Deprecated in Pydantic V2.0 to be removed in V3.0. See Pydantic V2 Migration Guide at https://errors.pydantic.dev/2.12/migration/
    class DirectorProjectResponse(DirectorProjectBase):

app\modules\director\schemas.py:33
  E:\omniai-studio-universe\hub-backend\app\modules\director\schemas.py:33: PydanticDeprecatedSince20: Support for class-based `config` is deprecated, use ConfigDict instead. Deprecated in Pydantic V2.0 to be removed in V3.0. See Pydantic V2 Migration Guide at https://errors.pydantic.dev/2.12/migration/
    class DirectorStoryResponse(DirectorStoryBase):

app\modules\director\schemas.py:53
  E:\omniai-studio-universe\hub-backend\app\modules\director\schemas.py:53: PydanticDeprecatedSince20: Support for class-based `config` is deprecated, use ConfigDict instead. Deprecated in Pydantic V2.0 to be removed in V3.0. See Pydantic V2 Migration Guide at https://errors.pydantic.dev/2.12/migration/
    class CharacterResponse(CharacterBase):

app\modules\director\schemas.py:71
  E:\omniai-studio-universe\hub-backend\app\modules\director\schemas.py:71: PydanticDeprecatedSince20: Support for class-based `config` is deprecated, use ConfigDict instead. Deprecated in Pydantic V2.0 to be removed in V3.0. See Pydantic V2 Migration Guide at https://errors.pydantic.dev/2.12/migration/
    class SceneResponse(SceneBase):

app\modules\director\schemas.py:89
  E:\omniai-studio-universe\hub-backend\app\modules\director\schemas.py:89: PydanticDeprecatedSince20: Support for class-based `config` is deprecated, use ConfigDict instead. Deprecated in Pydantic V2.0 to be removed in V3.0. See Pydantic V2 Migration Guide at https://errors.pydantic.dev/2.12/migration/
    class ShotResponse(ShotBase):

app\modules\director\schemas.py:112
  E:\omniai-studio-universe\hub-backend\app\modules\director\schemas.py:112: PydanticDeprecatedSince20: Support for class-based `config` is deprecated, use ConfigDict instead. Deprecated in Pydantic V2.0 to be removed in V3.0. See Pydantic V2 Migration Guide at https://errors.pydantic.dev/2.12/migration/
    class AssetResponse(AssetBase):

-- Docs: https://docs.pytest.org/en/stable/how-to/capture-warnings.html
=========================== short test summary info ===========================
FAILED app/tests/load/test_timeline_batch.py::test_timeline_batch - assert 0 ...
======================== 1 failed, 7 warnings in 1.30s ========================
============================= test session starts =============================
platform win32 -- Python 3.11.9, pytest-9.0.1, pluggy-1.6.0
rootdir: E:\omniai-studio-universe\hub-backend
plugins: anyio-4.11.0, asyncio-1.3.0
asyncio: mode=Mode.STRICT, debug=False, asyncio_default_fixture_loop_scope=None, asyncio_default_test_loop_scope=function
collected 1 item

app\tests\load\test_ai_worker_stress.py .                                [100%]

============================= 1 passed in 49.80s ==============================
--- STARTING PHASE 9.4 LOAD & STRESS TESTS ---

[1/5] Running Auto-Director Load Test...
WARNING: High Memory Usage: 87.1%
WARNING: High Memory Usage: 87.5%
WARNING: High Memory Usage: 87.4%
WARNING: High Memory Usage: 87.9%
WARNING: High Memory Usage: 88.2%
WARNING: High Memory Usage: 87.2%
WARNING: High Memory Usage: 86.0%
WARNING: High Memory Usage: 85.5%
WARNING: High Memory Usage: 85.5%
WARNING: High Memory Usage: 85.7%
WARNING: High Memory Usage: 85.6%
WARNING: High Memory Usage: 85.7%
WARNING: High Memory Usage: 85.7%
WARNING: High Memory Usage: 85.7%
WARNING: High Memory Usage: 85.7%
WARNING: High Memory Usage: 85.7%
WARNING: High Memory Usage: 85.7%
WARNING: High Memory Usage: 86.1%
WARNING: High Memory Usage: 86.1%
WARNING: High Memory Usage: 86.2%
WARNING: High Memory Usage: 86.1%
WARNING: High Memory Usage: 86.1%
Time: 10.81s

[2/5] Running FFmpeg Stress Test...
WARNING: High Memory Usage: 85.2%
WARNING: High Memory Usage: 85.4%
Time: 1.09s

[3/5] Running R2 Upload Stress Test...
WARNING: High Memory Usage: 85.1%
WARNING: High Memory Usage: 85.5%
Time: 1.17s

[4/5] Running Timeline Batch Test...
WARNING: High Memory Usage: 85.1%
WARNING: High Memory Usage: 85.2%
WARNING: High Memory Usage: 85.6%
WARNING: High Memory Usage: 85.7%
WARNING: High Memory Usage: 85.8%
Time: 2.28s

[5/5] Running AI Worker Stress Test...
WARNING: High Memory Usage: 85.1%
WARNING: High Memory Usage: 85.6%
WARNING: High Memory Usage: 85.7%
WARNING: High Memory Usage: 85.7%
WARNING: High Memory Usage: 85.4%
WARNING: High Memory Usage: 85.5%
WARNING: High Memory Usage: 85.4%
WARNING: High Memory Usage: 85.4%
WARNING: High Memory Usage: 85.1%
WARNING: High Memory Usage: 85.1%
WARNING: High Memory Usage: 85.1%
WARNING: High Memory Usage: 85.1%
WARNING: High Memory Usage: 85.1%
WARNING: High Memory Usage: 85.1%
WARNING: High Memory Usage: 85.1%
WARNING: High Memory Usage: 85.1%
WARNING: High Memory Usage: 85.1%
WARNING: High Memory Usage: 85.1%
WARNING: High Memory Usage: 85.1%
WARNING: High Memory Usage: 85.1%
WARNING: High Memory Usage: 85.1%
WARNING: High Memory Usage: 85.1%
WARNING: High Memory Usage: 85.1%
WARNING: High Memory Usage: 85.1%
WARNING: High Memory Usage: 85.1%
WARNING: High Memory Usage: 85.1%
WARNING: High Memory Usage: 85.1%
WARNING: High Memory Usage: 85.1%
WARNING: High Memory Usage: 85.1%
WARNING: High Memory Usage: 85.1%
WARNING: High Memory Usage: 85.1%
WARNING: High Memory Usage: 85.1%
WARNING: High Memory Usage: 85.1%
WARNING: High Memory Usage: 85.1%
WARNING: High Memory Usage: 85.1%
WARNING: High Memory Usage: 85.2%
WARNING: High Memory Usage: 85.2%
WARNING: High Memory Usage: 85.1%
WARNING: High Memory Usage: 85.2%
WARNING: High Memory Usage: 85.1%
WARNING: High Memory Usage: 85.2%
WARNING: High Memory Usage: 85.2%
WARNING: High Memory Usage: 85.2%
WARNING: High Memory Usage: 85.2%
WARNING: High Memory Usage: 85.2%
WARNING: High Memory Usage: 85.2%
WARNING: High Memory Usage: 85.3%
WARNING: High Memory Usage: 85.3%
WARNING: High Memory Usage: 85.3%
WARNING: High Memory Usage: 85.3%
WARNING: High Memory Usage: 85.3%
WARNING: High Memory Usage: 85.5%
WARNING: High Memory Usage: 85.4%
WARNING: High Memory Usage: 85.5%
WARNING: High Memory Usage: 85.5%
WARNING: High Memory Usage: 85.6%
WARNING: High Memory Usage: 85.6%
WARNING: High Memory Usage: 85.6%
WARNING: High Memory Usage: 85.6%
WARNING: High Memory Usage: 85.6%
WARNING: High Memory Usage: 85.7%
WARNING: High Memory Usage: 85.7%
WARNING: High Memory Usage: 85.8%
WARNING: High Memory Usage: 85.8%
WARNING: High Memory Usage: 85.8%
WARNING: High Memory Usage: 85.8%
WARNING: High Memory Usage: 85.8%
WARNING: High Memory Usage: 85.8%
WARNING: High Memory Usage: 85.8%
WARNING: High Memory Usage: 85.8%
WARNING: High Memory Usage: 85.9%
WARNING: High Memory Usage: 85.8%
WARNING: High Memory Usage: 85.1%
Time: 50.67s

--- PHASE 9.4 LOAD & STRESS TEST COMPLETE ---

Summary:
{
  "results": {
    "autodirector": "PASS",
    "ffmpeg": "PASS",
    "r2_upload": "PASS",
    "timeline": "FAIL",
    "ai_worker": "PASS"
  },
  "resources": {
    "cpu_max": 94.9,
    "cpu_avg": 52.95984848484849,
    "memory_max": 88.2,
    "memory_avg": 85.41136363636365,
    "disk_max": 5.5
  }
}
