
--- STARTING PHASE 9.3 FULL INTEGRATION TEST ---

1. Testing Story Engine...
   FAILED. Status: 404
   Response: {"detail":"Not Found"}
TEST FAILED: 
